<?xml version="1.0" encoding="UTF-8"?>
<testsuite name="com.example.resume1.resume1.Resume1ApplicationTests" tests="1" skipped="0" failures="0" errors="0" timestamp="2024-01-24T08:16:20" hostname="MGSWLP176" time="0.759">
  <properties/>
  <testcase name="contextLoads()" classname="com.example.resume1.resume1.Resume1ApplicationTests" time="0.759"/>
  <system-out><![CDATA[13:46:18.483 [Test worker] INFO org.springframework.test.context.support.AnnotationConfigContextLoaderUtils -- Could not detect default configuration classes for test class [com.example.resume1.resume1.Resume1ApplicationTests]: Resume1ApplicationTests does not declare any static, non-private, non-final, nested classes annotated with @Configuration.
13:46:18.604 [Test worker] INFO org.springframework.boot.test.context.SpringBootTestContextBootstrapper -- Found @SpringBootConfiguration com.example.resume1.resume1.Resume1Application for test class com.example.resume1.resume1.Resume1ApplicationTests

  .   ____          _            __ _ _
 /\\ / ___'_ __ _ _(_)_ __  __ _ \ \ \ \
( ( )\___ | '_ | '_| | '_ \/ _` | \ \ \ \
 \\/  ___)| |_)| | | | | || (_| |  ) ) ) )
  '  |____| .__|_| |_|_| |_\__, | / / / /
 =========|_|==============|___/=/_/_/_/
 :: Spring Boot ::                (v3.2.2)

2024-01-24T13:46:19.124+05:30  INFO 19580 --- [    Test worker] c.e.r.resume1.Resume1ApplicationTests    : Starting Resume1ApplicationTests using Java 17 with PID 19580 (started by MGSUser in C:\Users\MGSUser\Downloads\resume1\resume1)
2024-01-24T13:46:19.125+05:30  INFO 19580 --- [    Test worker] c.e.r.resume1.Resume1ApplicationTests    : No active profile set, falling back to 1 default profile: "default"
2024-01-24T13:46:20.495+05:30  INFO 19580 --- [    Test worker] c.e.r.resume1.Resume1ApplicationTests    : Started Resume1ApplicationTests in 1.598 seconds (process running for 2.921)
]]></system-out>
  <system-err><![CDATA[]]></system-err>
</testsuite>
